{
  "RSpec": {
    "coverage": {
      "/Users/niketjain/Desktop/GeometryLines/lib/geometry.rb": [
        1
      ],
      "/Users/niketjain/Desktop/GeometryLines/lib/geometry/line.rb": [
        1,
        null,
        1,
        null,
        1,
        9,
        9,
        null,
        null,
        1,
        0,
        null,
        null,
        1,
        1,
        null,
        null,
        null,
        1,
        4,
        null,
        null,
        null
      ]
    },
    "timestamp": 1422844390
  }
}
